2026-05-12 11:36:33 [main] WARN  pooling - HHH10001002: Using built-in connection pool (not intended for production use)
2026-05-12 11:36:35 [main] DEBUG SQL - 
    select
        g1_0.id,
        g1_0.nome 
    from
        Genero g1_0
2026-05-12 11:36:35 [main] DEBUG SQL - 
    select
        lv1_0.listaGeneros_id,
        lv1_1.id,
        lv1_1.classificacao,
        lv1_1.data,
        lv1_1.linksite,
        lv1_1.titulo 
    from
        Video_Genero lv1_0 
    join
        Video lv1_1 
            on lv1_1.id=lv1_0.listaVideos_id 
    where
        lv1_0.listaGeneros_id=?
2026-05-12 11:36:35 [main] TRACE bind - binding parameter (1:INTEGER) <- [1]
2026-05-12 11:36:35 [main] DEBUG SQL - 
    select
        lv1_0.listaGeneros_id,
        lv1_1.id,
        lv1_1.classificacao,
        lv1_1.data,
        lv1_1.linksite,
        lv1_1.titulo 
    from
        Video_Genero lv1_0 
    join
        Video lv1_1 
            on lv1_1.id=lv1_0.listaVideos_id 
    where
        lv1_0.listaGeneros_id=?
2026-05-12 11:36:35 [main] TRACE bind - binding parameter (1:INTEGER) <- [2]
2026-05-12 11:36:35 [main] DEBUG SQL - 
    select
        lv1_0.listaGeneros_id,
        lv1_1.id,
        lv1_1.classificacao,
        lv1_1.data,
        lv1_1.linksite,
        lv1_1.titulo 
    from
        Video_Genero lv1_0 
    join
        Video lv1_1 
            on lv1_1.id=lv1_0.listaVideos_id 
    where
        lv1_0.listaGeneros_id=?
2026-05-12 11:36:35 [main] TRACE bind - binding parameter (1:INTEGER) <- [3]
2026-05-12 11:36:35 [main] DEBUG SQL - 
    select
        lv1_0.listaGeneros_id,
        lv1_1.id,
        lv1_1.classificacao,
        lv1_1.data,
        lv1_1.linksite,
        lv1_1.titulo 
    from
        Video_Genero lv1_0 
    join
        Video lv1_1 
            on lv1_1.id=lv1_0.listaVideos_id 
    where
        lv1_0.listaGeneros_id=?
2026-05-12 11:36:35 [main] TRACE bind - binding parameter (1:INTEGER) <- [4]
2026-05-12 11:36:35 [main] DEBUG SQL - 
    select
        lv1_0.listaGeneros_id,
        lv1_1.id,
        lv1_1.classificacao,
        lv1_1.data,
        lv1_1.linksite,
        lv1_1.titulo 
    from
        Video_Genero lv1_0 
    join
        Video lv1_1 
            on lv1_1.id=lv1_0.listaVideos_id 
    where
        lv1_0.listaGeneros_id=?
2026-05-12 11:36:35 [main] TRACE bind - binding parameter (1:INTEGER) <- [5]
2026-05-12 11:36:35 [main] DEBUG SQL - 
    select
        lv1_0.listaGeneros_id,
        lv1_1.id,
        lv1_1.classificacao,
        lv1_1.data,
        lv1_1.linksite,
        lv1_1.titulo 
    from
        Video_Genero lv1_0 
    join
        Video lv1_1 
            on lv1_1.id=lv1_0.listaVideos_id 
    where
        lv1_0.listaGeneros_id=?
2026-05-12 11:36:35 [main] TRACE bind - binding parameter (1:INTEGER) <- [6]
2026-05-12 11:36:35 [main] DEBUG SQL - 
    select
        lv1_0.listaGeneros_id,
        lv1_1.id,
        lv1_1.classificacao,
        lv1_1.data,
        lv1_1.linksite,
        lv1_1.titulo 
    from
        Video_Genero lv1_0 
    join
        Video lv1_1 
            on lv1_1.id=lv1_0.listaVideos_id 
    where
        lv1_0.listaGeneros_id=?
2026-05-12 11:36:35 [main] TRACE bind - binding parameter (1:INTEGER) <- [7]
2026-05-12 11:36:35 [main] DEBUG SQL - 
    select
        lv1_0.listaGeneros_id,
        lv1_1.id,
        lv1_1.classificacao,
        lv1_1.data,
        lv1_1.linksite,
        lv1_1.titulo 
    from
        Video_Genero lv1_0 
    join
        Video lv1_1 
            on lv1_1.id=lv1_0.listaVideos_id 
    where
        lv1_0.listaGeneros_id=?
2026-05-12 11:36:35 [main] TRACE bind - binding parameter (1:INTEGER) <- [8]
2026-05-12 11:36:35 [main] DEBUG SQL - 
    select
        v1_0.id,
        v1_0.classificacao,
        v1_0.data,
        v1_0.linksite,
        v1_0.titulo 
    from
        Video v1_0
2026-05-12 11:36:35 [main] DEBUG SQL - 
    select
        lg1_0.listaVideos_id,
        lg1_1.id,
        lg1_1.nome 
    from
        Video_Genero lg1_0 
    join
        Genero lg1_1 
            on lg1_1.id=lg1_0.listaGeneros_id 
    where
        lg1_0.listaVideos_id=?
2026-05-12 11:36:35 [main] TRACE bind - binding parameter (1:INTEGER) <- [1]
2026-05-12 11:36:35 [main] DEBUG SQL - 
    select
        lg1_0.listaVideos_id,
        lg1_1.id,
        lg1_1.nome 
    from
        Video_Genero lg1_0 
    join
        Genero lg1_1 
            on lg1_1.id=lg1_0.listaGeneros_id 
    where
        lg1_0.listaVideos_id=?
2026-05-12 11:36:35 [main] TRACE bind - binding parameter (1:INTEGER) <- [2]
2026-05-12 11:36:35 [main] DEBUG SQL - 
    select
        lg1_0.listaVideos_id,
        lg1_1.id,
        lg1_1.nome 
    from
        Video_Genero lg1_0 
    join
        Genero lg1_1 
            on lg1_1.id=lg1_0.listaGeneros_id 
    where
        lg1_0.listaVideos_id=?
2026-05-12 11:36:35 [main] TRACE bind - binding parameter (1:INTEGER) <- [4]
2026-05-12 11:36:35 [main] DEBUG SQL - 
    select
        lg1_0.listaVideos_id,
        lg1_1.id,
        lg1_1.nome 
    from
        Video_Genero lg1_0 
    join
        Genero lg1_1 
            on lg1_1.id=lg1_0.listaGeneros_id 
    where
        lg1_0.listaVideos_id=?
2026-05-12 11:36:35 [main] TRACE bind - binding parameter (1:INTEGER) <- [5]
2026-05-12 11:36:35 [main] DEBUG SQL - 
    select
        lg1_0.listaVideos_id,
        lg1_1.id,
        lg1_1.nome 
    from
        Video_Genero lg1_0 
    join
        Genero lg1_1 
            on lg1_1.id=lg1_0.listaGeneros_id 
    where
        lg1_0.listaVideos_id=?
2026-05-12 11:36:35 [main] TRACE bind - binding parameter (1:INTEGER) <- [6]
2026-05-12 11:36:35 [main] DEBUG SQL - 
    select
        lg1_0.listaVideos_id,
        lg1_1.id,
        lg1_1.nome 
    from
        Video_Genero lg1_0 
    join
        Genero lg1_1 
            on lg1_1.id=lg1_0.listaGeneros_id 
    where
        lg1_0.listaVideos_id=?
2026-05-12 11:36:35 [main] TRACE bind - binding parameter (1:INTEGER) <- [7]
2026-05-12 11:36:35 [main] DEBUG SQL - 
    select
        lg1_0.listaVideos_id,
        lg1_1.id,
        lg1_1.nome 
    from
        Video_Genero lg1_0 
    join
        Genero lg1_1 
            on lg1_1.id=lg1_0.listaGeneros_id 
    where
        lg1_0.listaVideos_id=?
2026-05-12 11:36:35 [main] TRACE bind - binding parameter (1:INTEGER) <- [8]
2026-05-12 11:36:35 [main] DEBUG SQL - 
    select
        lg1_0.listaVideos_id,
        lg1_1.id,
        lg1_1.nome 
    from
        Video_Genero lg1_0 
    join
        Genero lg1_1 
            on lg1_1.id=lg1_0.listaGeneros_id 
    where
        lg1_0.listaVideos_id=?
2026-05-12 11:36:35 [main] TRACE bind - binding parameter (1:INTEGER) <- [9]
2026-05-12 11:36:35 [main] DEBUG SQL - 
    select
        lg1_0.listaVideos_id,
        lg1_1.id,
        lg1_1.nome 
    from
        Video_Genero lg1_0 
    join
        Genero lg1_1 
            on lg1_1.id=lg1_0.listaGeneros_id 
    where
        lg1_0.listaVideos_id=?
2026-05-12 11:36:35 [main] TRACE bind - binding parameter (1:INTEGER) <- [10]
2026-05-12 11:36:35 [main] DEBUG SQL - 
    select
        lg1_0.listaVideos_id,
        lg1_1.id,
        lg1_1.nome 
    from
        Video_Genero lg1_0 
    join
        Genero lg1_1 
            on lg1_1.id=lg1_0.listaGeneros_id 
    where
        lg1_0.listaVideos_id=?
2026-05-12 11:36:35 [main] TRACE bind - binding parameter (1:INTEGER) <- [11]
2026-05-12 11:36:35 [main] DEBUG SQL - 
    select
        lg1_0.listaVideos_id,
        lg1_1.id,
        lg1_1.nome 
    from
        Video_Genero lg1_0 
    join
        Genero lg1_1 
            on lg1_1.id=lg1_0.listaGeneros_id 
    where
        lg1_0.listaVideos_id=?
2026-05-12 11:36:35 [main] TRACE bind - binding parameter (1:INTEGER) <- [12]
2026-05-12 11:36:35 [main] DEBUG SQL - 
    select
        lg1_0.listaVideos_id,
        lg1_1.id,
        lg1_1.nome 
    from
        Video_Genero lg1_0 
    join
        Genero lg1_1 
            on lg1_1.id=lg1_0.listaGeneros_id 
    where
        lg1_0.listaVideos_id=?
2026-05-12 11:36:35 [main] TRACE bind - binding parameter (1:INTEGER) <- [13]
